<?xml version="1.0" encoding="UTF-8"?>
<testng-results ignored="0" total="3" passed="3" failed="0" skipped="0">
  <reporter-output>
  </reporter-output>
  <suite started-at="2026-02-13T14:55:19 GMT-05:00" name="Default suite" finished-at="2026-02-13T14:55:40 GMT-05:00" duration-ms="20886">
    <groups>
      <group name="cucumber">
        <method signature="AbstractTestNGCucumberTests.runScenario(io.cucumber.testng.PickleWrapper,io.cucumber.testng.FeatureWrapper)[pri:0, instance:runners.TestRunner@2925bf5b]" name="runScenario" class="io.cucumber.testng.AbstractTestNGCucumberTests"/>
      </group> <!-- cucumber -->
    </groups>
    <test started-at="2026-02-13T14:55:19 GMT-05:00" name="Default test" finished-at="2026-02-13T14:55:40 GMT-05:00" duration-ms="20886">
      <class name="runners.TestRunner">
        <test-method is-config="true" signature="setUpClass(org.testng.ITestContext)[pri:0, instance:runners.TestRunner@2925bf5b]" started-at="2026-02-13T14:55:19 GMT-05:00" name="setUpClass" finished-at="2026-02-13T14:55:20 GMT-05:00" duration-ms="1709" status="PASS">
          <params>
            <param index="0">
              <value>
                <![CDATA[org.testng.TestRunner@7100dea]]>
              </value>
            </param>
          </params>
          <reporter-output>
          </reporter-output>
        </test-method> <!-- setUpClass -->
        <test-method signature="runScenario(io.cucumber.testng.PickleWrapper,io.cucumber.testng.FeatureWrapper)[pri:0, instance:runners.TestRunner@2925bf5b]" started-at="2026-02-13T14:55:20 GMT-05:00" name="runScenario" description="Runs Cucumber Scenarios" data-provider="scenarios" finished-at="2026-02-13T14:55:31 GMT-05:00" duration-ms="10799" status="PASS">
          <params>
            <param index="0">
              <value>
                <![CDATA["Calculate daily carbohydrates for a moderately active male"]]>
              </value>
            </param>
            <param index="1">
              <value>
                <![CDATA["Carbohydrate Calculator"]]>
              </value>
            </param>
          </params>
          <reporter-output>
          </reporter-output>
        </test-method> <!-- runScenario -->
        <test-method signature="runScenario(io.cucumber.testng.PickleWrapper,io.cucumber.testng.FeatureWrapper)[pri:0, instance:runners.TestRunner@2925bf5b]" started-at="2026-02-13T14:55:31 GMT-05:00" name="runScenario" description="Runs Cucumber Scenarios" data-provider="scenarios" finished-at="2026-02-13T14:55:36 GMT-05:00" duration-ms="5184" status="PASS">
          <params>
            <param index="0">
              <value>
                <![CDATA["Calculate carbohydrate intake for weight loss"]]>
              </value>
            </param>
            <param index="1">
              <value>
                <![CDATA["Carbohydrate Calculator"]]>
              </value>
            </param>
          </params>
          <reporter-output>
          </reporter-output>
        </test-method> <!-- runScenario -->
        <test-method signature="runScenario(io.cucumber.testng.PickleWrapper,io.cucumber.testng.FeatureWrapper)[pri:0, instance:runners.TestRunner@2925bf5b]" started-at="2026-02-13T14:55:36 GMT-05:00" name="runScenario" description="Runs Cucumber Scenarios" data-provider="scenarios" finished-at="2026-02-13T14:55:39 GMT-05:00" duration-ms="2993" status="PASS">
          <params>
            <param index="0">
              <value>
                <![CDATA["Verify validation message when mandatory fields are empty"]]>
              </value>
            </param>
            <param index="1">
              <value>
                <![CDATA["Carbohydrate Calculator"]]>
              </value>
            </param>
          </params>
          <reporter-output>
          </reporter-output>
        </test-method> <!-- runScenario -->
        <test-method is-config="true" signature="tearDownClass()[pri:0, instance:runners.TestRunner@2925bf5b]" started-at="2026-02-13T14:55:39 GMT-05:00" name="tearDownClass" finished-at="2026-02-13T14:55:40 GMT-05:00" duration-ms="106" status="PASS">
          <reporter-output>
          </reporter-output>
        </test-method> <!-- tearDownClass -->
      </class> <!-- runners.TestRunner -->
    </test> <!-- Default test -->
  </suite> <!-- Default suite -->
</testng-results>
