<?xml version="1.0" encoding="UTF-8"?>
<!-- Generated by org.testng.reporters.JUnitReportReporter -->
<testsuite hostname="DESKTOP-1O4VAFE" failures="0" tests="3" name="runners.TestRunner" time="18.976" errors="0" timestamp="2026-02-13T14:55:40 GMT-05:00" skipped="0">
  <testcase classname="runners.TestRunner" name="runScenario" time="10.799"/>
  <testcase classname="runners.TestRunner" name="runScenario" time="2.993"/>
  <testcase classname="runners.TestRunner" name="runScenario" time="5.184"/>
</testsuite> <!-- runners.TestRunner -->
